<?xml version="1.0" encoding="UTF-8"?>
<testsuite name="com.crossover.techtrial.service.ArticleServiceUnittest" tests="3" skipped="0" failures="0" errors="0" timestamp="2018-05-23T02:03:31" hostname="educpourtous-PC" time="0.242">
  <properties/>
  <testcase name="findArticleByIdShouldReturnCorrespondingExistingArticle" classname="com.crossover.techtrial.service.ArticleServiceUnittest" time="0.069"/>
  <testcase name="findArticleByTitleShouldReturnCorrespondingExistingArticle" classname="com.crossover.techtrial.service.ArticleServiceUnittest" time="0.166"/>
  <testcase name="whenArticleIsSavedThenItIsReturned" classname="com.crossover.techtrial.service.ArticleServiceUnittest" time="0.003"/>
  <system-out><![CDATA[2018-05-23 04:03:30.374  INFO 6768 --- [    Test worker] o.s.t.c.s.DefaultTestContextBootstrapper : Neither @ContextConfiguration nor @ContextHierarchy found for test class [com.crossover.techtrial.service.ArticleServiceUnittest], using DelegatingSmartContextLoader
2018-05-23 04:03:30.376  INFO 6768 --- [    Test worker] o.s.t.c.support.AbstractContextLoader    : Could not detect default resource locations for test class [com.crossover.techtrial.service.ArticleServiceUnittest]: no resource found for suffixes {-context.xml}.
2018-05-23 04:03:30.381  INFO 6768 --- [    Test worker] c.s.AbstractDelegatingSmartContextLoader : AnnotationConfigContextLoader detected default configuration classes for context configuration [ContextConfigurationAttributes@3728e12 declaringClass = 'com.crossover.techtrial.service.ArticleServiceUnittest', classes = '{class com.crossover.techtrial.service.ArticleServiceUnittest$ArticleServiceImplTestContextConfiguration}', locations = '{}', inheritLocations = false, initializers = '{}', inheritInitializers = true, name = [null], contextLoaderClass = 'org.springframework.test.context.ContextLoader'].
2018-05-23 04:03:30.389  INFO 6768 --- [    Test worker] o.s.t.c.s.DefaultTestContextBootstrapper : Loaded default TestExecutionListener class names from location [META-INF/spring.factories]: [org.springframework.boot.test.autoconfigure.restdocs.RestDocsTestExecutionListener, org.springframework.boot.test.autoconfigure.web.client.MockRestServiceServerResetTestExecutionListener, org.springframework.boot.test.autoconfigure.web.servlet.MockMvcPrintOnlyOnFailureTestExecutionListener, org.springframework.boot.test.autoconfigure.web.servlet.WebDriverTestExecutionListener, org.springframework.boot.test.mock.mockito.MockitoTestExecutionListener, org.springframework.boot.test.mock.mockito.ResetMocksTestExecutionListener, org.springframework.test.context.web.ServletTestExecutionListener, org.springframework.test.context.support.DirtiesContextBeforeModesTestExecutionListener, org.springframework.test.context.support.DependencyInjectionTestExecutionListener, org.springframework.test.context.support.DirtiesContextTestExecutionListener, org.springframework.test.context.transaction.TransactionalTestExecutionListener, org.springframework.test.context.jdbc.SqlScriptsTestExecutionListener]
2018-05-23 04:03:30.391  INFO 6768 --- [    Test worker] o.s.t.c.s.DefaultTestContextBootstrapper : Using TestExecutionListeners: [org.springframework.test.context.web.ServletTestExecutionListener@31a8dc28, org.springframework.test.context.support.DirtiesContextBeforeModesTestExecutionListener@338f1fd5, org.springframework.boot.test.mock.mockito.MockitoTestExecutionListener@7586603c, org.springframework.test.context.support.DependencyInjectionTestExecutionListener@3d9ed4fd, org.springframework.test.context.support.DirtiesContextTestExecutionListener@4aa006fa, org.springframework.test.context.transaction.TransactionalTestExecutionListener@11ac9cc, org.springframework.test.context.jdbc.SqlScriptsTestExecutionListener@475bde53, org.springframework.boot.test.autoconfigure.restdocs.RestDocsTestExecutionListener@ca9d379, org.springframework.boot.test.autoconfigure.web.client.MockRestServiceServerResetTestExecutionListener@467483c0, org.springframework.boot.test.autoconfigure.web.servlet.MockMvcPrintOnlyOnFailureTestExecutionListener@1177666b, org.springframework.boot.test.autoconfigure.web.servlet.WebDriverTestExecutionListener@8479b50, org.springframework.boot.test.mock.mockito.ResetMocksTestExecutionListener@4ab7b33a]
2018-05-23 04:03:30.397  INFO 6768 --- [    Test worker] o.s.c.support.GenericApplicationContext  : Refreshing org.springframework.context.support.GenericApplicationContext@3678ba7c: startup date [Wed May 23 04:03:30 CEST 2018]; root of context hierarchy
]]></system-out>
  <system-err><![CDATA[]]></system-err>
</testsuite>
