<?xml version="1.0" encoding="UTF-8"?>
<testsuite name="com.crossover.techtrial.controller.CommentControllerIntegrationTest" tests="4" skipped="0" failures="0" errors="0" timestamp="2018-05-23T02:03:30" hostname="educpourtous-PC" time="0.155">
  <properties/>
  <testcase name="WhenGetCommentOfExistingArticleResponseIsOk" classname="com.crossover.techtrial.controller.CommentControllerIntegrationTest" time="0.062"/>
  <testcase name="WhenCreateCommentWithIdOfNonExistingArticleCommentWasCreatedWithoutArticle" classname="com.crossover.techtrial.controller.CommentControllerIntegrationTest" time="0.042"/>
  <testcase name="WhenGetCommentOfInexistingArticleResponseIsNotFound" classname="com.crossover.techtrial.controller.CommentControllerIntegrationTest" time="0.023"/>
  <testcase name="WhenCreateCommentWithIdOfArticleThenCommentIsCreated" classname="com.crossover.techtrial.controller.CommentControllerIntegrationTest" time="0.025"/>
  <system-out><![CDATA[2018-05-23 04:03:30.178  INFO 6768 --- [    Test worker] .b.t.c.SpringBootTestContextBootstrapper : Neither @ContextConfiguration nor @ContextHierarchy found for test class [com.crossover.techtrial.controller.CommentControllerIntegrationTest], using SpringBootContextLoader
2018-05-23 04:03:30.182  INFO 6768 --- [    Test worker] o.s.t.c.support.AbstractContextLoader    : Could not detect default resource locations for test class [com.crossover.techtrial.controller.CommentControllerIntegrationTest]: no resource found for suffixes {-context.xml, Context.groovy}.
2018-05-23 04:03:30.183  INFO 6768 --- [    Test worker] t.c.s.AnnotationConfigContextLoaderUtils : Could not detect default configuration classes for test class [com.crossover.techtrial.controller.CommentControllerIntegrationTest]: CommentControllerIntegrationTest does not declare any static, non-private, non-final, nested classes annotated with @Configuration.
2018-05-23 04:03:30.188  INFO 6768 --- [    Test worker] .b.t.c.SpringBootTestContextBootstrapper : Found @SpringBootConfiguration com.crossover.techtrial.CrossBlogsApplication for test class com.crossover.techtrial.controller.CommentControllerIntegrationTest
2018-05-23 04:03:30.193  INFO 6768 --- [    Test worker] .b.t.c.SpringBootTestContextBootstrapper : Loaded default TestExecutionListener class names from location [META-INF/spring.factories]: [org.springframework.boot.test.autoconfigure.restdocs.RestDocsTestExecutionListener, org.springframework.boot.test.autoconfigure.web.client.MockRestServiceServerResetTestExecutionListener, org.springframework.boot.test.autoconfigure.web.servlet.MockMvcPrintOnlyOnFailureTestExecutionListener, org.springframework.boot.test.autoconfigure.web.servlet.WebDriverTestExecutionListener, org.springframework.boot.test.mock.mockito.MockitoTestExecutionListener, org.springframework.boot.test.mock.mockito.ResetMocksTestExecutionListener, org.springframework.test.context.web.ServletTestExecutionListener, org.springframework.test.context.support.DirtiesContextBeforeModesTestExecutionListener, org.springframework.test.context.support.DependencyInjectionTestExecutionListener, org.springframework.test.context.support.DirtiesContextTestExecutionListener, org.springframework.test.context.transaction.TransactionalTestExecutionListener, org.springframework.test.context.jdbc.SqlScriptsTestExecutionListener]
2018-05-23 04:03:30.194  INFO 6768 --- [    Test worker] .b.t.c.SpringBootTestContextBootstrapper : Using TestExecutionListeners: [org.springframework.test.context.web.ServletTestExecutionListener@1d787e35, org.springframework.test.context.support.DirtiesContextBeforeModesTestExecutionListener@707467bc, org.springframework.boot.test.mock.mockito.MockitoTestExecutionListener@20754479, org.springframework.boot.test.autoconfigure.SpringBootDependencyInjectionTestExecutionListener@371df2e8, org.springframework.test.context.support.DirtiesContextTestExecutionListener@69caabe8, org.springframework.test.context.transaction.TransactionalTestExecutionListener@3a5068ea, org.springframework.test.context.jdbc.SqlScriptsTestExecutionListener@308ca555, org.springframework.boot.test.autoconfigure.restdocs.RestDocsTestExecutionListener@68de9b1e, org.springframework.boot.test.autoconfigure.web.client.MockRestServiceServerResetTestExecutionListener@5477f806, org.springframework.boot.test.autoconfigure.web.servlet.MockMvcPrintOnlyOnFailureTestExecutionListener@6d59cd5a, org.springframework.boot.test.autoconfigure.web.servlet.WebDriverTestExecutionListener@38aa7ba9, org.springframework.boot.test.mock.mockito.ResetMocksTestExecutionListener@24b001c9]
]]></system-out>
  <system-err><![CDATA[]]></system-err>
</testsuite>
