<?xml version="1.0" encoding="UTF-8"?>
<testsuite name="com.crossover.techtrial.service.CommentServiceUnitTest" tests="2" skipped="0" failures="0" errors="0" timestamp="2018-05-23T02:03:32" hostname="educpourtous-PC" time="0.009">
  <properties/>
  <testcase name="findAllCommentByArticleIdShouldReturnRelatedExistingComments" classname="com.crossover.techtrial.service.CommentServiceUnitTest" time="0.004"/>
  <testcase name="whenCommentIsSavedThenItIsReturned" classname="com.crossover.techtrial.service.CommentServiceUnitTest" time="0.004"/>
  <system-out><![CDATA[2018-05-23 04:03:32.084  INFO 6768 --- [    Test worker] o.s.t.c.s.DefaultTestContextBootstrapper : Neither @ContextConfiguration nor @ContextHierarchy found for test class [com.crossover.techtrial.service.CommentServiceUnitTest], using DelegatingSmartContextLoader
2018-05-23 04:03:32.086  INFO 6768 --- [    Test worker] o.s.t.c.support.AbstractContextLoader    : Could not detect default resource locations for test class [com.crossover.techtrial.service.CommentServiceUnitTest]: no resource found for suffixes {-context.xml}.
2018-05-23 04:03:32.089  INFO 6768 --- [    Test worker] c.s.AbstractDelegatingSmartContextLoader : AnnotationConfigContextLoader detected default configuration classes for context configuration [ContextConfigurationAttributes@2baa9f2b declaringClass = 'com.crossover.techtrial.service.CommentServiceUnitTest', classes = '{class com.crossover.techtrial.service.CommentServiceUnitTest$CommmentServiceImplTestContextConfiguration}', locations = '{}', inheritLocations = false, initializers = '{}', inheritInitializers = true, name = [null], contextLoaderClass = 'org.springframework.test.context.ContextLoader'].
2018-05-23 04:03:32.093  INFO 6768 --- [    Test worker] o.s.t.c.s.DefaultTestContextBootstrapper : Loaded default TestExecutionListener class names from location [META-INF/spring.factories]: [org.springframework.boot.test.autoconfigure.restdocs.RestDocsTestExecutionListener, org.springframework.boot.test.autoconfigure.web.client.MockRestServiceServerResetTestExecutionListener, org.springframework.boot.test.autoconfigure.web.servlet.MockMvcPrintOnlyOnFailureTestExecutionListener, org.springframework.boot.test.autoconfigure.web.servlet.WebDriverTestExecutionListener, org.springframework.boot.test.mock.mockito.MockitoTestExecutionListener, org.springframework.boot.test.mock.mockito.ResetMocksTestExecutionListener, org.springframework.test.context.web.ServletTestExecutionListener, org.springframework.test.context.support.DirtiesContextBeforeModesTestExecutionListener, org.springframework.test.context.support.DependencyInjectionTestExecutionListener, org.springframework.test.context.support.DirtiesContextTestExecutionListener, org.springframework.test.context.transaction.TransactionalTestExecutionListener, org.springframework.test.context.jdbc.SqlScriptsTestExecutionListener]
2018-05-23 04:03:32.094  INFO 6768 --- [    Test worker] o.s.t.c.s.DefaultTestContextBootstrapper : Using TestExecutionListeners: [org.springframework.test.context.web.ServletTestExecutionListener@55994ae5, org.springframework.test.context.support.DirtiesContextBeforeModesTestExecutionListener@58085988, org.springframework.boot.test.mock.mockito.MockitoTestExecutionListener@200f6c6c, org.springframework.test.context.support.DependencyInjectionTestExecutionListener@5fa3ec81, org.springframework.test.context.support.DirtiesContextTestExecutionListener@40f24bf2, org.springframework.test.context.transaction.TransactionalTestExecutionListener@5a2c8e7d, org.springframework.test.context.jdbc.SqlScriptsTestExecutionListener@19bf558, org.springframework.boot.test.autoconfigure.restdocs.RestDocsTestExecutionListener@411cd60e, org.springframework.boot.test.autoconfigure.web.client.MockRestServiceServerResetTestExecutionListener@13e3a804, org.springframework.boot.test.autoconfigure.web.servlet.MockMvcPrintOnlyOnFailureTestExecutionListener@2d029363, org.springframework.boot.test.autoconfigure.web.servlet.WebDriverTestExecutionListener@73ed82ae, org.springframework.boot.test.mock.mockito.ResetMocksTestExecutionListener@54e6867b]
2018-05-23 04:03:32.099  INFO 6768 --- [    Test worker] o.s.c.support.GenericApplicationContext  : Refreshing org.springframework.context.support.GenericApplicationContext@5a4bb76b: startup date [Wed May 23 04:03:32 CEST 2018]; root of context hierarchy
]]></system-out>
  <system-err><![CDATA[]]></system-err>
</testsuite>
